<?xml version="1.0" encoding="UTF-8"?>
<!-- Generated by org.testng.reporters.JUnitReportReporter -->
<testsuite hostname="Harshitha" failures="0" tests="3" name="com.automation.tests.SignUpTest" time="69.478" errors="0" timestamp="2025-03-10T21:10:17 IST" skipped="0">
  <testcase classname="com.automation.tests.SignUpTest" name="testSignup" time="12.779"/>
  <system-out/>
  <testcase classname="com.automation.tests.SignUpTest" name="testSignup" time="43.812"/>
  <system-out/>
  <testcase classname="com.automation.tests.SignUpTest" name="testSignup" time="12.887"/>
  <system-out/>
</testsuite> <!-- com.automation.tests.SignUpTest -->
