<?xml version="1.0" encoding="UTF-8"?>
<testng-results ignored="0" total="7" passed="7" failed="0" skipped="0">
  <reporter-output>
  </reporter-output>
  <suite started-at="2025-03-10T21:07:27 IST" name="TestSuite" finished-at="2025-03-10T21:10:17 IST" duration-ms="169793">
    <groups>
    </groups>
    <test started-at="2025-03-10T21:07:27 IST" name="AutomationTests" finished-at="2025-03-10T21:10:17 IST" duration-ms="169793">
      <class name="com.automation.tests.AddToCartTest">
        <test-method is-config="true" signature="startTest()[pri:0, instance:com.automation.tests.AddToCartTest@1c1bbc4e]" started-at="2025-03-10T21:10:04 IST" name="startTest" finished-at="2025-03-10T21:10:10 IST" duration-ms="6327" status="PASS">
          <reporter-output>
          </reporter-output>
        </test-method> <!-- startTest -->
        <test-method signature="testLoginAndAddToCart()[pri:0, instance:com.automation.tests.AddToCartTest@1c1bbc4e]" started-at="2025-03-10T21:10:10 IST" name="testLoginAndAddToCart" finished-at="2025-03-10T21:10:16 IST" duration-ms="6133" status="PASS">
          <reporter-output>
          </reporter-output>
        </test-method> <!-- testLoginAndAddToCart -->
        <test-method is-config="true" signature="endTest()[pri:0, instance:com.automation.tests.AddToCartTest@1c1bbc4e]" started-at="2025-03-10T21:10:16 IST" name="endTest" finished-at="2025-03-10T21:10:17 IST" duration-ms="622" status="PASS">
          <reporter-output>
          </reporter-output>
        </test-method> <!-- endTest -->
      </class> <!-- com.automation.tests.AddToCartTest -->
      <class name="com.automation.tests.ContactTest">
        <test-method is-config="true" signature="setupTest()[pri:0, instance:com.automation.tests.ContactTest@49438269]" started-at="2025-03-10T21:09:28 IST" name="setupTest" finished-at="2025-03-10T21:09:34 IST" duration-ms="5875" status="PASS">
          <reporter-output>
          </reporter-output>
        </test-method> <!-- setupTest -->
        <test-method signature="testContactFormSubmission()[pri:0, instance:com.automation.tests.ContactTest@49438269]" started-at="2025-03-10T21:09:34 IST" name="testContactFormSubmission" finished-at="2025-03-10T21:09:37 IST" duration-ms="3269" status="PASS">
          <reporter-output>
          </reporter-output>
        </test-method> <!-- testContactFormSubmission -->
        <test-method is-config="true" signature="cleanupTest()[pri:0, instance:com.automation.tests.ContactTest@49438269]" started-at="2025-03-10T21:09:38 IST" name="cleanupTest" finished-at="2025-03-10T21:09:38 IST" duration-ms="410" status="PASS">
          <reporter-output>
          </reporter-output>
        </test-method> <!-- cleanupTest -->
      </class> <!-- com.automation.tests.ContactTest -->
      <class name="com.automation.tests.SignUpTest">
        <test-method is-config="true" signature="setupTest()[pri:0, instance:com.automation.tests.SignUpTest@367ffa75]" started-at="2025-03-10T21:08:17 IST" name="setupTest" finished-at="2025-03-10T21:08:55 IST" duration-ms="37829" status="PASS">
          <reporter-output>
          </reporter-output>
        </test-method> <!-- setupTest -->
        <test-method signature="testSignup(java.lang.String,java.lang.String)[pri:0, instance:com.automation.tests.SignUpTest@367ffa75]" started-at="2025-03-10T21:08:55 IST" name="testSignup" data-provider="SignupData" finished-at="2025-03-10T21:09:01 IST" duration-ms="5336" status="PASS">
          <params>
            <param index="0">
              <value>
                <![CDATA[user9491]]>
              </value>
            </param>
            <param index="1">
              <value>
                <![CDATA[Pass@8128]]>
              </value>
            </param>
          </params>
          <reporter-output>
          </reporter-output>
        </test-method> <!-- testSignup -->
        <test-method is-config="true" signature="cleanupTest()[pri:0, instance:com.automation.tests.SignUpTest@367ffa75]" started-at="2025-03-10T21:09:01 IST" name="cleanupTest" finished-at="2025-03-10T21:09:01 IST" duration-ms="409" status="PASS">
          <reporter-output>
          </reporter-output>
        </test-method> <!-- cleanupTest -->
        <test-method is-config="true" signature="setupTest()[pri:0, instance:com.automation.tests.SignUpTest@367ffa75]" started-at="2025-03-10T21:09:01 IST" name="setupTest" finished-at="2025-03-10T21:09:08 IST" duration-ms="6965" status="PASS">
          <reporter-output>
          </reporter-output>
        </test-method> <!-- setupTest -->
        <test-method signature="testSignup(java.lang.String,java.lang.String)[pri:0, instance:com.automation.tests.SignUpTest@367ffa75]" started-at="2025-03-10T21:09:08 IST" name="testSignup" data-provider="SignupData" finished-at="2025-03-10T21:09:14 IST" duration-ms="5564" status="PASS">
          <params>
            <param index="0">
              <value>
                <![CDATA[user5724]]>
              </value>
            </param>
            <param index="1">
              <value>
                <![CDATA[Pass@9038]]>
              </value>
            </param>
          </params>
          <reporter-output>
          </reporter-output>
        </test-method> <!-- testSignup -->
        <test-method is-config="true" signature="cleanupTest()[pri:0, instance:com.automation.tests.SignUpTest@367ffa75]" started-at="2025-03-10T21:09:14 IST" name="cleanupTest" finished-at="2025-03-10T21:09:15 IST" duration-ms="404" status="PASS">
          <reporter-output>
          </reporter-output>
        </test-method> <!-- cleanupTest -->
        <test-method is-config="true" signature="setupTest()[pri:0, instance:com.automation.tests.SignUpTest@367ffa75]" started-at="2025-03-10T21:09:15 IST" name="setupTest" finished-at="2025-03-10T21:09:22 IST" duration-ms="7147" status="PASS">
          <reporter-output>
          </reporter-output>
        </test-method> <!-- setupTest -->
        <test-method signature="testSignup(java.lang.String,java.lang.String)[pri:0, instance:com.automation.tests.SignUpTest@367ffa75]" started-at="2025-03-10T21:09:22 IST" name="testSignup" data-provider="SignupData" finished-at="2025-03-10T21:09:27 IST" duration-ms="5405" status="PASS">
          <params>
            <param index="0">
              <value>
                <![CDATA[user8947]]>
              </value>
            </param>
            <param index="1">
              <value>
                <![CDATA[Pass@2690]]>
              </value>
            </param>
          </params>
          <reporter-output>
          </reporter-output>
        </test-method> <!-- testSignup -->
        <test-method is-config="true" signature="cleanupTest()[pri:0, instance:com.automation.tests.SignUpTest@367ffa75]" started-at="2025-03-10T21:09:27 IST" name="cleanupTest" finished-at="2025-03-10T21:09:28 IST" duration-ms="419" status="PASS">
          <reporter-output>
          </reporter-output>
        </test-method> <!-- cleanupTest -->
      </class> <!-- com.automation.tests.SignUpTest -->
      <class name="com.automation.tests.LoginTest">
        <test-method is-config="true" signature="startTest()[pri:0, instance:com.automation.tests.LoginTest@22ff4249]" started-at="2025-03-10T21:07:27 IST" name="startTest" finished-at="2025-03-10T21:08:02 IST" duration-ms="34578" status="PASS">
          <reporter-output>
          </reporter-output>
        </test-method> <!-- startTest -->
        <test-method signature="testValidLogin()[pri:0, instance:com.automation.tests.LoginTest@22ff4249]" started-at="2025-03-10T21:08:02 IST" name="testValidLogin" finished-at="2025-03-10T21:08:06 IST" duration-ms="4468" status="PASS">
          <reporter-output>
          </reporter-output>
        </test-method> <!-- testValidLogin -->
        <test-method is-config="true" signature="endTest()[pri:0, instance:com.automation.tests.LoginTest@22ff4249]" started-at="2025-03-10T21:08:13 IST" name="endTest" finished-at="2025-03-10T21:08:17 IST" duration-ms="4252" status="PASS">
          <reporter-output>
          </reporter-output>
        </test-method> <!-- endTest -->
      </class> <!-- com.automation.tests.LoginTest -->
      <class name="com.automation.tests.PurchaseTest">
        <test-method is-config="true" signature="startTest()[pri:0, instance:com.automation.tests.PurchaseTest@ba2f4ec]" started-at="2025-03-10T21:09:38 IST" name="startTest" finished-at="2025-03-10T21:09:47 IST" duration-ms="8661" status="PASS">
          <reporter-output>
          </reporter-output>
        </test-method> <!-- startTest -->
        <test-method signature="testPurchaseWithExcelData()[pri:0, instance:com.automation.tests.PurchaseTest@ba2f4ec]" started-at="2025-03-10T21:09:47 IST" name="testPurchaseWithExcelData" finished-at="2025-03-10T21:10:03 IST" duration-ms="16292" status="PASS">
          <reporter-output>
          </reporter-output>
        </test-method> <!-- testPurchaseWithExcelData -->
        <test-method is-config="true" signature="endTest()[pri:0, instance:com.automation.tests.PurchaseTest@ba2f4ec]" started-at="2025-03-10T21:10:03 IST" name="endTest" finished-at="2025-03-10T21:10:04 IST" duration-ms="399" status="PASS">
          <reporter-output>
          </reporter-output>
        </test-method> <!-- endTest -->
      </class> <!-- com.automation.tests.PurchaseTest -->
    </test> <!-- AutomationTests -->
  </suite> <!-- TestSuite -->
</testng-results>
