<?xml version="1.0" encoding="UTF-8"?>
<!-- Generated by org.testng.reporters.JUnitXMLReporter -->
<testsuite ignored="0" hostname="Harshitha" failures="0" tests="7" name="AutomationTests" time="169.793" errors="0" timestamp="2025-03-10T21:10:17 IST">
  <testcase classname="com.automation.tests.LoginTest" name="testValidLogin" time="4.468"/>
  <testcase classname="com.automation.tests.SignUpTest" name="testSignup" time="5.336"/>
  <testcase classname="com.automation.tests.SignUpTest" name="testSignup" time="5.564"/>
  <testcase classname="com.automation.tests.SignUpTest" name="testSignup" time="5.405"/>
  <testcase classname="com.automation.tests.ContactTest" name="testContactFormSubmission" time="3.269"/>
  <testcase classname="com.automation.tests.PurchaseTest" name="testPurchaseWithExcelData" time="16.292"/>
  <testcase classname="com.automation.tests.AddToCartTest" name="testLoginAndAddToCart" time="6.133"/>
</testsuite> <!-- AutomationTests -->
